<?xml version="1.0" encoding="UTF-8" ?>
<testsuites>
  <testsuite errors="0" failures="0" hostname="umar-laptop" id="0" name="UserServiceTests" package="com.intelligrape.linkSharing" tests="1" time="1.038" timestamp="2011-02-03T10:29:57">
      <properties />

      <testcase classname="com.intelligrape.linkSharing.UserServiceTests" name="testFindUser" time="1.015" />

      <system-out><![CDATA[--Output from testFindUser--
]]></system-out>

      <system-err><![CDATA[--Output from testFindUser--
]]></system-err>

  </testsuite>
</testsuites>
